Change Component Designator: OldDesignator=D? NewDesignator=D1
Change Component Designator: OldDesignator=J? NewDesignator=J1
Change Component Designator: OldDesignator=J? NewDesignator=J2
Change Component Designator: OldDesignator=J? NewDesignator=J3
Change Component Designator: OldDesignator=J? NewDesignator=J4
Change Component Designator: OldDesignator=Q? NewDesignator=Q1
Change Component Designator: OldDesignator=R? NewDesignator=R1
Change Component Designator: OldDesignator=U? NewDesignator=U1
Change Component Designator: OldDesignator=U? NewDesignator=U2
Change Component Designator: OldDesignator=U? NewDesignator=U3
Added Component: Designator=LED1(LED-3)
Add component (AddParameter): Name = "Value"; Value = "LED 3 ly Single Colour"; VariantName = "[No Variations]"
Added Component: Designator=R2(R1/4W)
Add component (AddParameter): Name = "Value"; Value = "R1/4W - 1K"; VariantName = "[No Variations]"
Added Pin To Net: NetName=S Pin=LED1-2
Added Pin To Net: NetName=+5 Pin=R2-2
Change Net Name : Old Net Name=NetQ?_2 New Net Name=NetQ1_2
Added Pin To Net: NetName=NetLED1_1 Pin=LED1-1
Added Pin To Net: NetName=NetLED1_1 Pin=R2-1
Added Net: Name=NetLED1_1
Added Member To Class: ClassName=Nguyen_Ly Member=Component J2 BORNE-5.00-3P
Added Member To Class: ClassName=Nguyen_Ly Member=Component J3 LCD_I2C
Added Member To Class: ClassName=Nguyen_Ly Member=Component J4 JACK_P4
Added Member To Class: ClassName=Nguyen_Ly Member=Component LED1 LED
Added Member To Class: ClassName=Nguyen_Ly Member=Component R2 1k
Added Member To Class: ClassName=Nguyen_Ly Member=Component U1 STM32
Added Member To Class: ClassName=Nguyen_Ly Member=Component U2 RELE
